d:\cong_nghe_phan_mem\rpg_game\rpg_game\x64\debug\vc145.pdb
d:\cong_nghe_phan_mem\rpg_game\rpg_game\x64\debug\vc145.idb
d:\cong_nghe_phan_mem\rpg_game\rpg_game\x64\debug\qvcc.obj
d:\cong_nghe_phan_mem\rpg_game\rpg_game\x64\debug\player.obj
d:\cong_nghe_phan_mem\rpg_game\rpg_game\x64\debug\bullet.obj
d:\cong_nghe_phan_mem\rpg_game\rpg_game\x64\debug\map.obj
d:\cong_nghe_phan_mem\rpg_game\rpg_game\x64\debug\main.obj
d:\cong_nghe_phan_mem\rpg_game\rpg_game\x64\debug\loginscreen.obj
d:\cong_nghe_phan_mem\rpg_game\rpg_game\x64\debug\game.obj
d:\cong_nghe_phan_mem\rpg_game\rpg_game\x64\debug\authmanager.obj
d:\cong_nghe_phan_mem\rpg_game\rpg_game\x64\debug\rabbit.obj
d:\cong_nghe_phan_mem\rpg_game\x64\debug\rpg_game.exe
d:\cong_nghe_phan_mem\rpg_game\x64\debug\rpg_game.pdb
d:\cong_nghe_phan_mem\rpg_game\rpg_game\x64\debug\rpg_game.ilk
d:\cong_nghe_phan_mem\rpg_game\rpg_game\x64\debug\rpg_game.tlog\cl.command.1.tlog
d:\cong_nghe_phan_mem\rpg_game\rpg_game\x64\debug\rpg_game.tlog\cl.items.tlog
d:\cong_nghe_phan_mem\rpg_game\rpg_game\x64\debug\rpg_game.tlog\cl.read.1.tlog
d:\cong_nghe_phan_mem\rpg_game\rpg_game\x64\debug\rpg_game.tlog\cl.write.1.tlog
d:\cong_nghe_phan_mem\rpg_game\rpg_game\x64\debug\rpg_game.tlog\link.command.1.tlog
d:\cong_nghe_phan_mem\rpg_game\rpg_game\x64\debug\rpg_game.tlog\link.read.1.tlog
d:\cong_nghe_phan_mem\rpg_game\rpg_game\x64\debug\rpg_game.tlog\link.secondary.1.tlog
d:\cong_nghe_phan_mem\rpg_game\rpg_game\x64\debug\rpg_game.tlog\link.write.1.tlog
